[debug] [2023-12-06T15:09:48.861Z] ----------------------------------------------------------------------
[debug] [2023-12-06T15:09:48.862Z] Command:       C:\Program Files\nodejs\node.exe C:\Users\jaeln\AppData\Roaming\npm\node_modules\firebase-tools\lib\bin\firebase.js init functions
[debug] [2023-12-06T15:09:48.863Z] CLI Version:   12.9.1
[debug] [2023-12-06T15:09:48.863Z] Platform:      win32
[debug] [2023-12-06T15:09:48.863Z] Node Version:  v20.9.0
[debug] [2023-12-06T15:09:48.863Z] Time:          Wed Dec 06 2023 16:09:48 GMT+0100 (Central European Standard Time)
[debug] [2023-12-06T15:09:48.863Z] ----------------------------------------------------------------------
[debug] 
[debug] [2023-12-06T15:09:48.869Z] > command requires scopes: ["email","openid","https://www.googleapis.com/auth/cloudplatformprojects.readonly","https://www.googleapis.com/auth/firebase","https://www.googleapis.com/auth/cloud-platform"]
[debug] [2023-12-06T15:09:48.870Z] > authorizing via signed-in user (jaelngaleu@gmail.com)
[info] 
     ######## #### ########  ######## ########     ###     ######  ########
     ##        ##  ##     ## ##       ##     ##  ##   ##  ##       ##
     ######    ##  ########  ######   ########  #########  ######  ######
     ##        ##  ##    ##  ##       ##     ## ##     ##       ## ##
     ##       #### ##     ## ######## ########  ##     ##  ######  ########

You're about to initialize a Firebase project in this directory:

  E:\Code Folder\javascript\imageSaver

[info] 
=== Project Setup
[info] 
[info] First, let's associate this project directory with a Firebase project.
[info] You can create multiple project aliases by running firebase use --add, 
[info] but for now we'll just set up a default project.
[info] 
[info] i  If you want to create a project in a Google Cloud organization or folder, please use "firebase projects:create" instead, and return to this command when you've created the project. 
[debug] [2023-12-06T15:10:13.879Z] >>> [apiv2][query] POST https://cloudresourcemanager.googleapis.com/v1/projects [none]
[debug] [2023-12-06T15:10:13.879Z] >>> [apiv2][body] POST https://cloudresourcemanager.googleapis.com/v1/projects {"projectId":"agenda","name":"agenda"}
[debug] [2023-12-06T15:10:14.747Z] <<< [apiv2][status] POST https://cloudresourcemanager.googleapis.com/v1/projects 409
[debug] [2023-12-06T15:10:14.748Z] <<< [apiv2][body] POST https://cloudresourcemanager.googleapis.com/v1/projects {"error":{"code":409,"message":"Requested entity already exists","status":"ALREADY_EXISTS"}}
[debug] [2023-12-06T15:10:14.885Z] FirebaseError: HTTP Error: 409, Requested entity already exists
    at responseToError (C:\Users\jaeln\AppData\Roaming\npm\node_modules\firebase-tools\lib\responseToError.js:49:12)
    at RetryOperation._fn (C:\Users\jaeln\AppData\Roaming\npm\node_modules\firebase-tools\lib\apiv2.js:285:77)
    at process.processTicksAndRejections (node:internal/process/task_queues:95:5)
[error] 
[error] Error: Failed to create project because there is already a project with ID agenda. Please try again with a unique project ID.
